{"/home/driven/Desktop/Driven Projects/projeto19-drivenpass/src/app.ts": {"path":"/home/driven/Desktop/Driven Projects/projeto19-drivenpass/src/app.ts","statementMap":{"0":{"start":{"line":1,"column":0},"end":{"line":1,"column":43}},"1":{"start":{"line":2,"column":0},"end":{"line":2,"column":24}},"2":{"start":{"line":3,"column":0},"end":{"line":3,"column":40}},"3":{"start":{"line":4,"column":0},"end":{"line":4,"column":60}},"4":{"start":{"line":6,"column":0},"end":{"line":6,"column":10}},"5":{"start":{"line":8,"column":0},"end":{"line":8,"column":null}},"6":{"start":{"line":14,"column":12},"end":{"line":14,"column":21}},"7":{"start":{"line":15,"column":0},"end":{"line":20,"column":null}},"8":{"start":{"line":23,"column":4},"end":{"line":23,"column":16}},"9":{"start":{"line":24,"column":4},"end":{"line":24,"column":32}},"10":{"start":{"line":22,"column":0},"end":{"line":22,"column":16}},"11":{"start":{"line":28,"column":4},"end":{"line":28,"column":25}},"12":{"start":{"line":27,"column":0},"end":{"line":27,"column":22}},"13":{"start":{"line":31,"column":0},"end":{"line":31,"column":19}}},"fnMap":{"0":{"name":"init","decl":{"start":{"line":22,"column":16},"end":{"line":22,"column":20}},"loc":{"start":{"line":22,"column":20},"end":{"line":25,"column":1}}},"1":{"name":"close","decl":{"start":{"line":27,"column":22},"end":{"line":27,"column":27}},"loc":{"start":{"line":27,"column":27},"end":{"line":29,"column":null}}}},"branchMap":{},"s":{"0":3,"1":3,"2":3,"3":3,"4":3,"5":3,"6":3,"7":3,"8":3,"9":3,"10":3,"11":0,"12":3,"13":3},"f":{"0":3,"1":0},"b":{}}
,"/home/driven/Desktop/Driven Projects/projeto19-drivenpass/src/config/database.ts": {"path":"/home/driven/Desktop/Driven Projects/projeto19-drivenpass/src/config/database.ts","statementMap":{"0":{"start":{"line":1,"column":0},"end":{"line":1,"column":46}},"1":{"start":{"line":5,"column":4},"end":{"line":5,"column":32}},"2":{"start":{"line":4,"column":0},"end":{"line":4,"column":16}},"3":{"start":{"line":9,"column":4},"end":{"line":9,"column":32}},"4":{"start":{"line":8,"column":0},"end":{"line":8,"column":22}}},"fnMap":{"0":{"name":"connectDb","decl":{"start":{"line":4,"column":16},"end":{"line":4,"column":25}},"loc":{"start":{"line":4,"column":25},"end":{"line":6,"column":1}}},"1":{"name":"disconnectDB","decl":{"start":{"line":8,"column":22},"end":{"line":8,"column":34}},"loc":{"start":{"line":8,"column":34},"end":{"line":10,"column":null}}}},"branchMap":{"0":{"loc":{"start":{"line":9,"column":10},"end":{"line":9,"column":31}},"type":"cond-expr","locations":[{"start":{"line":9,"column":16},"end":{"line":9,"column":18}},{"start":{"line":9,"column":10},"end":{"line":9,"column":31}}]},"1":{"loc":{"start":{"line":9,"column":10},"end":{"line":9,"column":18}},"type":"binary-expr","locations":[{"start":{"line":9,"column":10},"end":{"line":9,"column":18}},{"start":{"line":9,"column":10},"end":{"line":9,"column":18}}]}},"s":{"0":3,"1":3,"2":3,"3":0,"4":3},"f":{"0":3,"1":0},"b":{"0":[0,0],"1":[0,0]}}
,"/home/driven/Desktop/Driven Projects/projeto19-drivenpass/src/config/envs.ts": {"path":"/home/driven/Desktop/Driven Projects/projeto19-drivenpass/src/config/envs.ts","statementMap":{"0":{"start":{"line":1,"column":0},"end":{"line":1,"column":28}},"1":{"start":{"line":5,"column":4},"end":{"line":9,"column":12}},"2":{"start":{"line":11,"column":4},"end":{"line":11,"column":28}},"3":{"start":{"line":3,"column":0},"end":{"line":3,"column":16}}},"fnMap":{"0":{"name":"loadEnv","decl":{"start":{"line":3,"column":16},"end":{"line":3,"column":23}},"loc":{"start":{"line":3,"column":23},"end":{"line":12,"column":1}}}},"branchMap":{"0":{"loc":{"start":{"line":5,"column":4},"end":{"line":9,"column":12}},"type":"cond-expr","locations":[{"start":{"line":6,"column":6},"end":{"line":6,"column":17}},{"start":{"line":7,"column":6},"end":{"line":9,"column":12}}]},"1":{"loc":{"start":{"line":7,"column":6},"end":{"line":9,"column":12}},"type":"cond-expr","locations":[{"start":{"line":8,"column":6},"end":{"line":8,"column":24}},{"start":{"line":9,"column":6},"end":{"line":9,"column":12}}]}},"s":{"0":3,"1":3,"2":3,"3":3},"f":{"0":3},"b":{"0":[3,0],"1":[0,0]}}
,"/home/driven/Desktop/Driven Projects/projeto19-drivenpass/src/config/index.ts": {"path":"/home/driven/Desktop/Driven Projects/projeto19-drivenpass/src/config/index.ts","statementMap":{"0":{"start":{"line":1,"column":0},"end":{"line":1,"column":23}},"1":{"start":{"line":2,"column":0},"end":{"line":2,"column":27}}},"fnMap":{},"branchMap":{},"s":{"0":3,"1":3},"f":{},"b":{}}
,"/home/driven/Desktop/Driven Projects/projeto19-drivenpass/src/controllers/authentication-controller.ts": {"path":"/home/driven/Desktop/Driven Projects/projeto19-drivenpass/src/controllers/authentication-controller.ts","statementMap":{"0":{"start":{"line":2,"column":0},"end":{"line":2,"column":54}},"1":{"start":{"line":3,"column":0},"end":{"line":3,"column":52}},"2":{"start":{"line":6,"column":32},"end":{"line":6,"column":40}},"3":{"start":{"line":8,"column":4},"end":{"line":14,"column":null}},"4":{"start":{"line":9,"column":23},"end":{"line":9,"column":78}},"5":{"start":{"line":11,"column":8},"end":{"line":11,"column":59}},"6":{"start":{"line":13,"column":8},"end":{"line":13,"column":null}},"7":{"start":{"line":5,"column":0},"end":{"line":5,"column":22}},"8":{"start":{"line":18,"column":32},"end":{"line":18,"column":40}},"9":{"start":{"line":20,"column":4},"end":{"line":31,"column":null}},"10":{"start":{"line":22,"column":23},"end":{"line":22,"column":78}},"11":{"start":{"line":24,"column":8},"end":{"line":24,"column":54}},"12":{"start":{"line":28,"column":8},"end":{"line":28,"column":null}},"13":{"start":{"line":28,"column":42},"end":{"line":28,"column":null}},"14":{"start":{"line":29,"column":8},"end":{"line":29,"column":null}},"15":{"start":{"line":30,"column":8},"end":{"line":30,"column":null}},"16":{"start":{"line":17,"column":0},"end":{"line":17,"column":22}}},"fnMap":{"0":{"name":"createSignUp","decl":{"start":{"line":5,"column":22},"end":{"line":5,"column":34}},"loc":{"start":{"line":5,"column":62},"end":{"line":15,"column":null}}},"1":{"name":"createSignIn","decl":{"start":{"line":17,"column":22},"end":{"line":17,"column":34}},"loc":{"start":{"line":17,"column":62},"end":{"line":32,"column":null}}}},"branchMap":{"0":{"loc":{"start":{"line":28,"column":8},"end":{"line":28,"column":null}},"type":"if","locations":[{"start":{"line":28,"column":8},"end":{"line":28,"column":null}}]}},"s":{"0":3,"1":3,"2":3,"3":3,"4":3,"5":1,"6":2,"7":3,"8":1,"9":1,"10":1,"11":0,"12":1,"13":0,"14":1,"15":1,"16":3},"f":{"0":3,"1":1},"b":{"0":[0]}}
,"/home/driven/Desktop/Driven Projects/projeto19-drivenpass/src/controllers/credentials-controller.ts": {"path":"/home/driven/Desktop/Driven Projects/projeto19-drivenpass/src/controllers/credentials-controller.ts","statementMap":{"0":{"start":{"line":1,"column":0},"end":{"line":1,"column":27}},"1":{"start":{"line":2,"column":0},"end":{"line":2,"column":65}},"2":{"start":{"line":4,"column":0},"end":{"line":4,"column":37}},"3":{"start":{"line":5,"column":0},"end":{"line":5,"column":56}},"4":{"start":{"line":7,"column":15},"end":{"line":7,"column":38}},"5":{"start":{"line":10,"column":47},"end":{"line":10,"column":55}},"6":{"start":{"line":11,"column":23},"end":{"line":11,"column":33}},"7":{"start":{"line":13,"column":4},"end":{"line":25,"column":null}},"8":{"start":{"line":14,"column":8},"end":{"line":14,"column":null}},"9":{"start":{"line":14,"column":53},"end":{"line":14,"column":null}},"10":{"start":{"line":16,"column":23},"end":{"line":16,"column":114}},"11":{"start":{"line":18,"column":8},"end":{"line":18,"column":null}},"12":{"start":{"line":20,"column":8},"end":{"line":20,"column":null}},"13":{"start":{"line":20,"column":43},"end":{"line":20,"column":null}},"14":{"start":{"line":22,"column":8},"end":{"line":22,"column":null}},"15":{"start":{"line":22,"column":42},"end":{"line":22,"column":null}},"16":{"start":{"line":24,"column":8},"end":{"line":24,"column":null}},"17":{"start":{"line":9,"column":0},"end":{"line":9,"column":22}},"18":{"start":{"line":29,"column":23},"end":{"line":29,"column":33}},"19":{"start":{"line":31,"column":4},"end":{"line":40,"column":null}},"20":{"start":{"line":32,"column":23},"end":{"line":32,"column":81}},"21":{"start":{"line":34,"column":36},"end":{"line":34,"column":38}},"22":{"start":{"line":35,"column":8},"end":{"line":35,"column":null}},"23":{"start":{"line":35,"column":30},"end":{"line":35,"column":104}},"24":{"start":{"line":37,"column":8},"end":{"line":37,"column":null}},"25":{"start":{"line":39,"column":8},"end":{"line":39,"column":null}},"26":{"start":{"line":39,"column":43},"end":{"line":39,"column":null}},"27":{"start":{"line":28,"column":0},"end":{"line":28,"column":22}},"28":{"start":{"line":44,"column":37},"end":{"line":44,"column":47}},"29":{"start":{"line":46,"column":4},"end":{"line":63,"column":null}},"30":{"start":{"line":47,"column":23},"end":{"line":47,"column":103}},"31":{"start":{"line":49,"column":8},"end":{"line":49,"column":42}},"32":{"start":{"line":49,"column":20},"end":{"line":49,"column":42}},"33":{"start":{"line":51,"column":34},"end":{"line":51,"column":65}},"34":{"start":{"line":53,"column":8},"end":{"line":60,"column":null}},"35":{"start":{"line":62,"column":8},"end":{"line":62,"column":null}},"36":{"start":{"line":43,"column":0},"end":{"line":43,"column":22}},"37":{"start":{"line":67,"column":37},"end":{"line":67,"column":47}},"38":{"start":{"line":69,"column":4},"end":{"line":81,"column":null}},"39":{"start":{"line":70,"column":41},"end":{"line":70,"column":121}},"40":{"start":{"line":72,"column":8},"end":{"line":72,"column":null}},"41":{"start":{"line":72,"column":34},"end":{"line":72,"column":null}},"42":{"start":{"line":75,"column":8},"end":{"line":75,"column":null}},"43":{"start":{"line":77,"column":8},"end":{"line":77,"column":null}},"44":{"start":{"line":80,"column":8},"end":{"line":80,"column":null}},"45":{"start":{"line":66,"column":0},"end":{"line":66,"column":22}}},"fnMap":{"0":{"name":"createCredential","decl":{"start":{"line":9,"column":22},"end":{"line":9,"column":38}},"loc":{"start":{"line":9,"column":66},"end":{"line":26,"column":null}}},"1":{"name":"getAllCredentials","decl":{"start":{"line":28,"column":22},"end":{"line":28,"column":39}},"loc":{"start":{"line":28,"column":67},"end":{"line":41,"column":null}}},"2":{"name":"(anonymous_12)","decl":{"start":{"line":35,"column":19},"end":{"line":35,"column":20}},"loc":{"start":{"line":35,"column":30},"end":{"line":35,"column":104}}},"3":{"name":"getCredentialById","decl":{"start":{"line":43,"column":22},"end":{"line":43,"column":39}},"loc":{"start":{"line":43,"column":67},"end":{"line":64,"column":null}}},"4":{"name":"deleteCredentialById","decl":{"start":{"line":66,"column":22},"end":{"line":66,"column":42}},"loc":{"start":{"line":66,"column":70},"end":{"line":82,"column":null}}}},"branchMap":{"0":{"loc":{"start":{"line":14,"column":8},"end":{"line":14,"column":null}},"type":"if","locations":[{"start":{"line":14,"column":8},"end":{"line":14,"column":null}}]},"1":{"loc":{"start":{"line":14,"column":11},"end":{"line":14,"column":51}},"type":"binary-expr","locations":[{"start":{"line":14,"column":11},"end":{"line":14,"column":17}},{"start":{"line":14,"column":21},"end":{"line":14,"column":25}},{"start":{"line":14,"column":29},"end":{"line":14,"column":38}},{"start":{"line":14,"column":42},"end":{"line":14,"column":51}}]},"2":{"loc":{"start":{"line":20,"column":8},"end":{"line":20,"column":null}},"type":"if","locations":[{"start":{"line":20,"column":8},"end":{"line":20,"column":null}}]},"3":{"loc":{"start":{"line":22,"column":8},"end":{"line":22,"column":null}},"type":"if","locations":[{"start":{"line":22,"column":8},"end":{"line":22,"column":null}}]},"4":{"loc":{"start":{"line":39,"column":8},"end":{"line":39,"column":null}},"type":"if","locations":[{"start":{"line":39,"column":8},"end":{"line":39,"column":null}}]},"5":{"loc":{"start":{"line":49,"column":8},"end":{"line":49,"column":42}},"type":"if","locations":[{"start":{"line":49,"column":8},"end":{"line":49,"column":42}}]},"6":{"loc":{"start":{"line":72,"column":8},"end":{"line":72,"column":null}},"type":"if","locations":[{"start":{"line":72,"column":8},"end":{"line":72,"column":null}}]}},"s":{"0":3,"1":3,"2":3,"3":3,"4":3,"5":3,"6":3,"7":3,"8":3,"9":2,"10":1,"11":1,"12":2,"13":0,"14":2,"15":2,"16":0,"17":3,"18":1,"19":1,"20":1,"21":1,"22":1,"23":1,"24":1,"25":0,"26":0,"27":3,"28":1,"29":1,"30":1,"31":1,"32":0,"33":1,"34":1,"35":0,"36":3,"37":1,"38":1,"39":1,"40":1,"41":0,"42":1,"43":1,"44":0,"45":3},"f":{"0":3,"1":1,"2":1,"3":1,"4":1},"b":{"0":[2],"1":[3,1,1,1],"2":[0],"3":[2],"4":[0],"5":[0],"6":[0]}}
,"/home/driven/Desktop/Driven Projects/projeto19-drivenpass/src/controllers/network-controller.ts": {"path":"/home/driven/Desktop/Driven Projects/projeto19-drivenpass/src/controllers/network-controller.ts","statementMap":{"0":{"start":{"line":1,"column":0},"end":{"line":1,"column":27}},"1":{"start":{"line":2,"column":0},"end":{"line":2,"column":62}},"2":{"start":{"line":4,"column":0},"end":{"line":4,"column":37}},"3":{"start":{"line":5,"column":0},"end":{"line":5,"column":56}},"4":{"start":{"line":7,"column":15},"end":{"line":7,"column":38}},"5":{"start":{"line":10,"column":41},"end":{"line":10,"column":49}},"6":{"start":{"line":11,"column":23},"end":{"line":11,"column":33}},"7":{"start":{"line":13,"column":4},"end":{"line":26,"column":null}},"8":{"start":{"line":15,"column":8},"end":{"line":15,"column":null}},"9":{"start":{"line":15,"column":57},"end":{"line":15,"column":null}},"10":{"start":{"line":17,"column":23},"end":{"line":17,"column":100}},"11":{"start":{"line":19,"column":8},"end":{"line":19,"column":null}},"12":{"start":{"line":21,"column":8},"end":{"line":21,"column":null}},"13":{"start":{"line":21,"column":43},"end":{"line":21,"column":null}},"14":{"start":{"line":23,"column":8},"end":{"line":23,"column":null}},"15":{"start":{"line":23,"column":42},"end":{"line":23,"column":null}},"16":{"start":{"line":25,"column":8},"end":{"line":25,"column":null}},"17":{"start":{"line":9,"column":0},"end":{"line":9,"column":22}},"18":{"start":{"line":30,"column":23},"end":{"line":30,"column":33}},"19":{"start":{"line":32,"column":4},"end":{"line":41,"column":null}},"20":{"start":{"line":33,"column":23},"end":{"line":33,"column":75}},"21":{"start":{"line":35,"column":33},"end":{"line":35,"column":35}},"22":{"start":{"line":36,"column":8},"end":{"line":36,"column":null}},"23":{"start":{"line":36,"column":30},"end":{"line":36,"column":101}},"24":{"start":{"line":38,"column":8},"end":{"line":38,"column":null}},"25":{"start":{"line":40,"column":8},"end":{"line":40,"column":null}},"26":{"start":{"line":40,"column":43},"end":{"line":40,"column":null}},"27":{"start":{"line":29,"column":0},"end":{"line":29,"column":22}},"28":{"start":{"line":45,"column":34},"end":{"line":45,"column":44}},"29":{"start":{"line":47,"column":4},"end":{"line":63,"column":null}},"30":{"start":{"line":48,"column":23},"end":{"line":48,"column":94}},"31":{"start":{"line":50,"column":8},"end":{"line":50,"column":42}},"32":{"start":{"line":50,"column":20},"end":{"line":50,"column":42}},"33":{"start":{"line":52,"column":34},"end":{"line":52,"column":65}},"34":{"start":{"line":54,"column":8},"end":{"line":60,"column":null}},"35":{"start":{"line":62,"column":8},"end":{"line":62,"column":null}},"36":{"start":{"line":44,"column":0},"end":{"line":44,"column":22}},"37":{"start":{"line":67,"column":34},"end":{"line":67,"column":44}},"38":{"start":{"line":69,"column":4},"end":{"line":81,"column":null}},"39":{"start":{"line":70,"column":38},"end":{"line":70,"column":109}},"40":{"start":{"line":72,"column":8},"end":{"line":72,"column":null}},"41":{"start":{"line":72,"column":31},"end":{"line":72,"column":null}},"42":{"start":{"line":75,"column":8},"end":{"line":75,"column":null}},"43":{"start":{"line":77,"column":8},"end":{"line":77,"column":null}},"44":{"start":{"line":80,"column":8},"end":{"line":80,"column":null}},"45":{"start":{"line":66,"column":0},"end":{"line":66,"column":22}}},"fnMap":{"0":{"name":"createNetwork","decl":{"start":{"line":9,"column":22},"end":{"line":9,"column":35}},"loc":{"start":{"line":9,"column":63},"end":{"line":27,"column":null}}},"1":{"name":"getAllNetworks","decl":{"start":{"line":29,"column":22},"end":{"line":29,"column":36}},"loc":{"start":{"line":29,"column":64},"end":{"line":42,"column":null}}},"2":{"name":"(anonymous_12)","decl":{"start":{"line":36,"column":19},"end":{"line":36,"column":20}},"loc":{"start":{"line":36,"column":30},"end":{"line":36,"column":101}}},"3":{"name":"getNetworkById","decl":{"start":{"line":44,"column":22},"end":{"line":44,"column":36}},"loc":{"start":{"line":44,"column":64},"end":{"line":64,"column":null}}},"4":{"name":"deleteNetworkById","decl":{"start":{"line":66,"column":22},"end":{"line":66,"column":39}},"loc":{"start":{"line":66,"column":67},"end":{"line":82,"column":null}}}},"branchMap":{"0":{"loc":{"start":{"line":15,"column":8},"end":{"line":15,"column":null}},"type":"if","locations":[{"start":{"line":15,"column":8},"end":{"line":15,"column":null}}]},"1":{"loc":{"start":{"line":15,"column":11},"end":{"line":15,"column":55}},"type":"binary-expr","locations":[{"start":{"line":15,"column":11},"end":{"line":15,"column":17}},{"start":{"line":15,"column":21},"end":{"line":15,"column":29}},{"start":{"line":15,"column":33},"end":{"line":15,"column":42}},{"start":{"line":15,"column":46},"end":{"line":15,"column":55}}]},"2":{"loc":{"start":{"line":21,"column":8},"end":{"line":21,"column":null}},"type":"if","locations":[{"start":{"line":21,"column":8},"end":{"line":21,"column":null}}]},"3":{"loc":{"start":{"line":23,"column":8},"end":{"line":23,"column":null}},"type":"if","locations":[{"start":{"line":23,"column":8},"end":{"line":23,"column":null}}]},"4":{"loc":{"start":{"line":40,"column":8},"end":{"line":40,"column":null}},"type":"if","locations":[{"start":{"line":40,"column":8},"end":{"line":40,"column":null}}]},"5":{"loc":{"start":{"line":50,"column":8},"end":{"line":50,"column":42}},"type":"if","locations":[{"start":{"line":50,"column":8},"end":{"line":50,"column":42}}]},"6":{"loc":{"start":{"line":72,"column":8},"end":{"line":72,"column":null}},"type":"if","locations":[{"start":{"line":72,"column":8},"end":{"line":72,"column":null}}]}},"s":{"0":3,"1":3,"2":3,"3":3,"4":3,"5":3,"6":3,"7":3,"8":3,"9":2,"10":1,"11":1,"12":2,"13":0,"14":2,"15":2,"16":0,"17":3,"18":1,"19":1,"20":1,"21":1,"22":1,"23":1,"24":1,"25":0,"26":0,"27":3,"28":1,"29":1,"30":1,"31":1,"32":0,"33":1,"34":1,"35":0,"36":3,"37":1,"38":1,"39":1,"40":1,"41":0,"42":1,"43":1,"44":0,"45":3},"f":{"0":3,"1":1,"2":1,"3":1,"4":1},"b":{"0":[2],"1":[3,1,1,1],"2":[0],"3":[2],"4":[0],"5":[0],"6":[0]}}
,"/home/driven/Desktop/Driven Projects/projeto19-drivenpass/src/errors/conflict-error.ts": {"path":"/home/driven/Desktop/Driven Projects/projeto19-drivenpass/src/errors/conflict-error.ts","statementMap":{"0":{"start":{"line":4,"column":4},"end":{"line":7,"column":6}},"1":{"start":{"line":3,"column":0},"end":{"line":3,"column":16}}},"fnMap":{"0":{"name":"conflictError","decl":{"start":{"line":3,"column":16},"end":{"line":3,"column":29}},"loc":{"start":{"line":3,"column":45},"end":{"line":8,"column":1}}}},"branchMap":{},"s":{"0":2,"1":3},"f":{"0":2},"b":{}}
,"/home/driven/Desktop/Driven Projects/projeto19-drivenpass/src/errors/index.ts": {"path":"/home/driven/Desktop/Driven Projects/projeto19-drivenpass/src/errors/index.ts","statementMap":{"0":{"start":{"line":1,"column":0},"end":{"line":1,"column":32}},"1":{"start":{"line":2,"column":0},"end":{"line":2,"column":43}},"2":{"start":{"line":3,"column":0},"end":{"line":3,"column":33}},"3":{"start":{"line":4,"column":0},"end":{"line":4,"column":31}},"4":{"start":{"line":5,"column":0},"end":{"line":5,"column":36}}},"fnMap":{},"branchMap":{},"s":{"0":3,"1":3,"2":3,"3":3,"4":3},"f":{},"b":{}}
,"/home/driven/Desktop/Driven Projects/projeto19-drivenpass/src/errors/invalid-credentials-error.ts": {"path":"/home/driven/Desktop/Driven Projects/projeto19-drivenpass/src/errors/invalid-credentials-error.ts","statementMap":{"0":{"start":{"line":4,"column":2},"end":{"line":7,"column":4}},"1":{"start":{"line":3,"column":0},"end":{"line":3,"column":16}}},"fnMap":{"0":{"name":"invalidCredentialsError","decl":{"start":{"line":3,"column":16},"end":{"line":3,"column":39}},"loc":{"start":{"line":3,"column":39},"end":{"line":8,"column":1}}}},"branchMap":{},"s":{"0":1,"1":3},"f":{"0":1},"b":{}}
,"/home/driven/Desktop/Driven Projects/projeto19-drivenpass/src/errors/not-found-error.ts": {"path":"/home/driven/Desktop/Driven Projects/projeto19-drivenpass/src/errors/not-found-error.ts","statementMap":{"0":{"start":{"line":4,"column":2},"end":{"line":7,"column":4}},"1":{"start":{"line":3,"column":0},"end":{"line":3,"column":16}}},"fnMap":{"0":{"name":"notFoundError","decl":{"start":{"line":3,"column":16},"end":{"line":3,"column":29}},"loc":{"start":{"line":3,"column":29},"end":{"line":8,"column":1}}}},"branchMap":{},"s":{"0":0,"1":3},"f":{"0":0},"b":{}}
,"/home/driven/Desktop/Driven Projects/projeto19-drivenpass/src/errors/request-error.ts": {"path":"/home/driven/Desktop/Driven Projects/projeto19-drivenpass/src/errors/request-error.ts","statementMap":{"0":{"start":{"line":2,"column":2},"end":{"line":6,"column":4}},"1":{"start":{"line":1,"column":0},"end":{"line":1,"column":16}}},"fnMap":{"0":{"name":"requestError","decl":{"start":{"line":1,"column":16},"end":{"line":1,"column":28}},"loc":{"start":{"line":1,"column":60},"end":{"line":7,"column":1}}}},"branchMap":{},"s":{"0":6,"1":3},"f":{"0":6},"b":{}}
,"/home/driven/Desktop/Driven Projects/projeto19-drivenpass/src/errors/unauthorized-error.ts": {"path":"/home/driven/Desktop/Driven Projects/projeto19-drivenpass/src/errors/unauthorized-error.ts","statementMap":{"0":{"start":{"line":4,"column":2},"end":{"line":7,"column":4}},"1":{"start":{"line":3,"column":0},"end":{"line":3,"column":16}}},"fnMap":{"0":{"name":"unauthorizedError","decl":{"start":{"line":3,"column":16},"end":{"line":3,"column":33}},"loc":{"start":{"line":3,"column":33},"end":{"line":8,"column":1}}}},"branchMap":{},"s":{"0":16,"1":3},"f":{"0":16},"b":{}}
,"/home/driven/Desktop/Driven Projects/projeto19-drivenpass/src/middlewares/auth-joi-middleware.ts": {"path":"/home/driven/Desktop/Driven Projects/projeto19-drivenpass/src/middlewares/auth-joi-middleware.ts","statementMap":{"0":{"start":{"line":2,"column":0},"end":{"line":2,"column":37}},"1":{"start":{"line":3,"column":0},"end":{"line":3,"column":22}},"2":{"start":{"line":4,"column":0},"end":{"line":4,"column":55}},"3":{"start":{"line":6,"column":20},"end":{"line":9,"column":2}},"4":{"start":{"line":11,"column":21},"end":{"line":14,"column":2}},"5":{"start":{"line":17,"column":32},"end":{"line":17,"column":40}},"6":{"start":{"line":19,"column":4},"end":{"line":19,"column":null}},"7":{"start":{"line":19,"column":28},"end":{"line":19,"column":null}},"8":{"start":{"line":21,"column":23},"end":{"line":21,"column":82}},"9":{"start":{"line":23,"column":4},"end":{"line":29,"column":null}},"10":{"start":{"line":25,"column":8},"end":{"line":25,"column":null}},"11":{"start":{"line":28,"column":8},"end":{"line":28,"column":null}},"12":{"start":{"line":44,"column":23},"end":{"line":44,"column":36}},"13":{"start":{"line":33,"column":32},"end":{"line":33,"column":40}},"14":{"start":{"line":35,"column":23},"end":{"line":35,"column":87}},"15":{"start":{"line":37,"column":4},"end":{"line":41,"column":null}},"16":{"start":{"line":38,"column":8},"end":{"line":38,"column":null}},"17":{"start":{"line":40,"column":8},"end":{"line":40,"column":null}},"18":{"start":{"line":44,"column":8},"end":{"line":44,"column":21}}},"fnMap":{"0":{"name":"signInIsValid","decl":{"start":{"line":16,"column":9},"end":{"line":16,"column":22}},"loc":{"start":{"line":16,"column":70},"end":{"line":30,"column":1}}},"1":{"name":"signUpIsValid","decl":{"start":{"line":32,"column":9},"end":{"line":32,"column":22}},"loc":{"start":{"line":32,"column":70},"end":{"line":42,"column":1}}}},"branchMap":{"0":{"loc":{"start":{"line":19,"column":4},"end":{"line":19,"column":null}},"type":"if","locations":[{"start":{"line":19,"column":4},"end":{"line":19,"column":null}}]},"1":{"loc":{"start":{"line":19,"column":7},"end":{"line":19,"column":26}},"type":"binary-expr","locations":[{"start":{"line":19,"column":7},"end":{"line":19,"column":13}},{"start":{"line":19,"column":17},"end":{"line":19,"column":26}}]},"2":{"loc":{"start":{"line":23,"column":4},"end":{"line":29,"column":null}},"type":"if","locations":[{"start":{"line":23,"column":4},"end":{"line":29,"column":null}},{"start":{"line":27,"column":11},"end":{"line":29,"column":null}}]},"3":{"loc":{"start":{"line":37,"column":4},"end":{"line":41,"column":null}},"type":"if","locations":[{"start":{"line":37,"column":4},"end":{"line":41,"column":null}},{"start":{"line":39,"column":11},"end":{"line":41,"column":null}}]}},"s":{"0":3,"1":3,"2":3,"3":3,"4":3,"5":3,"6":3,"7":2,"8":1,"9":1,"10":0,"11":1,"12":3,"13":3,"14":3,"15":3,"16":0,"17":3,"18":3},"f":{"0":3,"1":3},"b":{"0":[2],"1":[3,1],"2":[0,1],"3":[0,3]}}
,"/home/driven/Desktop/Driven Projects/projeto19-drivenpass/src/middlewares/authorization-token-middleware.ts": {"path":"/home/driven/Desktop/Driven Projects/projeto19-drivenpass/src/middlewares/authorization-token-middleware.ts","statementMap":{"0":{"start":{"line":2,"column":0},"end":{"line":2,"column":37}},"1":{"start":{"line":3,"column":0},"end":{"line":3,"column":36}},"2":{"start":{"line":4,"column":0},"end":{"line":4,"column":28}},"3":{"start":{"line":6,"column":0},"end":{"line":6,"column":null}},"4":{"start":{"line":8,"column":0},"end":{"line":8,"column":65}},"5":{"start":{"line":11,"column":21},"end":{"line":11,"column":48}},"6":{"start":{"line":12,"column":2},"end":{"line":12,"column":88}},"7":{"start":{"line":12,"column":19},"end":{"line":12,"column":88}},"8":{"start":{"line":14,"column":16},"end":{"line":14,"column":49}},"9":{"start":{"line":15,"column":2},"end":{"line":15,"column":83}},"10":{"start":{"line":15,"column":14},"end":{"line":15,"column":83}},"11":{"start":{"line":17,"column":2},"end":{"line":23,"column":null}},"12":{"start":{"line":18,"column":4},"end":{"line":18,"column":70}},"13":{"start":{"line":20,"column":4},"end":{"line":20,"column":18}},"14":{"start":{"line":22,"column":4},"end":{"line":22,"column":73}},"15":{"start":{"line":10,"column":0},"end":{"line":10,"column":22}}},"fnMap":{"0":{"name":"authenticateToken","decl":{"start":{"line":10,"column":22},"end":{"line":10,"column":39}},"loc":{"start":{"line":10,"column":87},"end":{"line":24,"column":null}}}},"branchMap":{"0":{"loc":{"start":{"line":12,"column":2},"end":{"line":12,"column":88}},"type":"if","locations":[{"start":{"line":12,"column":2},"end":{"line":12,"column":88}}]},"1":{"loc":{"start":{"line":15,"column":2},"end":{"line":15,"column":83}},"type":"if","locations":[{"start":{"line":15,"column":2},"end":{"line":15,"column":83}}]}},"s":{"0":3,"1":3,"2":3,"3":3,"4":3,"5":28,"6":28,"7":8,"8":20,"9":20,"10":0,"11":20,"12":20,"13":12,"14":8,"15":3},"f":{"0":28},"b":{"0":[8],"1":[0]}}
,"/home/driven/Desktop/Driven Projects/projeto19-drivenpass/src/repositories/authentication-repository.ts": {"path":"/home/driven/Desktop/Driven Projects/projeto19-drivenpass/src/repositories/authentication-repository.ts","statementMap":{"0":{"start":{"line":1,"column":0},"end":{"line":1,"column":44}},"1":{"start":{"line":4,"column":4},"end":{"line":8,"column":null}},"2":{"start":{"line":12,"column":4},"end":{"line":17,"column":null}},"3":{"start":{"line":20,"column":33},"end":{"line":23,"column":null}},"4":{"start":{"line":25,"column":9},"end":{"line":25,"column":33}}},"fnMap":{"0":{"name":"findByEmail","decl":{"start":{"line":3,"column":15},"end":{"line":3,"column":26}},"loc":{"start":{"line":3,"column":41},"end":{"line":9,"column":null}}},"1":{"name":"createUser","decl":{"start":{"line":11,"column":15},"end":{"line":11,"column":25}},"loc":{"start":{"line":11,"column":58},"end":{"line":18,"column":null}}}},"branchMap":{},"s":{"0":3,"1":4,"2":1,"3":3,"4":3},"f":{"0":4,"1":1},"b":{}}
,"/home/driven/Desktop/Driven Projects/projeto19-drivenpass/src/repositories/credentials-repository.ts": {"path":"/home/driven/Desktop/Driven Projects/projeto19-drivenpass/src/repositories/credentials-repository.ts","statementMap":{"0":{"start":{"line":1,"column":0},"end":{"line":1,"column":44}},"1":{"start":{"line":5,"column":4},"end":{"line":10,"column":null}},"2":{"start":{"line":14,"column":4},"end":{"line":22,"column":null}},"3":{"start":{"line":26,"column":4},"end":{"line":30,"column":null}},"4":{"start":{"line":34,"column":4},"end":{"line":39,"column":null}},"5":{"start":{"line":43,"column":4},"end":{"line":47,"column":null}},"6":{"start":{"line":51,"column":30},"end":{"line":57,"column":null}},"7":{"start":{"line":59,"column":9},"end":{"line":59,"column":30}}},"fnMap":{"0":{"name":"titleExists","decl":{"start":{"line":3,"column":15},"end":{"line":3,"column":26}},"loc":{"start":{"line":3,"column":56},"end":{"line":11,"column":null}}},"1":{"name":"createCredential","decl":{"start":{"line":13,"column":15},"end":{"line":13,"column":31}},"loc":{"start":{"line":13,"column":107},"end":{"line":23,"column":null}}},"2":{"name":"getAllCredentials","decl":{"start":{"line":25,"column":15},"end":{"line":25,"column":32}},"loc":{"start":{"line":25,"column":46},"end":{"line":31,"column":null}}},"3":{"name":"getCredentialById","decl":{"start":{"line":33,"column":15},"end":{"line":33,"column":32}},"loc":{"start":{"line":33,"column":67},"end":{"line":40,"column":null}}},"4":{"name":"deleteCredentialById","decl":{"start":{"line":42,"column":15},"end":{"line":42,"column":35}},"loc":{"start":{"line":42,"column":46},"end":{"line":48,"column":null}}}},"branchMap":{},"s":{"0":3,"1":1,"2":1,"3":1,"4":2,"5":1,"6":3,"7":3},"f":{"0":1,"1":1,"2":1,"3":2,"4":1},"b":{}}
,"/home/driven/Desktop/Driven Projects/projeto19-drivenpass/src/repositories/network-repository.ts": {"path":"/home/driven/Desktop/Driven Projects/projeto19-drivenpass/src/repositories/network-repository.ts","statementMap":{"0":{"start":{"line":1,"column":0},"end":{"line":1,"column":44}},"1":{"start":{"line":4,"column":4},"end":{"line":11,"column":null}},"2":{"start":{"line":15,"column":4},"end":{"line":19,"column":null}},"3":{"start":{"line":23,"column":4},"end":{"line":28,"column":null}},"4":{"start":{"line":32,"column":4},"end":{"line":36,"column":null}},"5":{"start":{"line":40,"column":27},"end":{"line":45,"column":null}},"6":{"start":{"line":47,"column":9},"end":{"line":47,"column":27}}},"fnMap":{"0":{"name":"createNetwork","decl":{"start":{"line":3,"column":15},"end":{"line":3,"column":28}},"loc":{"start":{"line":3,"column":88},"end":{"line":12,"column":null}}},"1":{"name":"getAllNetworks","decl":{"start":{"line":14,"column":15},"end":{"line":14,"column":29}},"loc":{"start":{"line":14,"column":43},"end":{"line":20,"column":null}}},"2":{"name":"getNetworkById","decl":{"start":{"line":22,"column":15},"end":{"line":22,"column":29}},"loc":{"start":{"line":22,"column":61},"end":{"line":29,"column":null}}},"3":{"name":"deleteNetworkById","decl":{"start":{"line":31,"column":15},"end":{"line":31,"column":32}},"loc":{"start":{"line":31,"column":43},"end":{"line":37,"column":null}}}},"branchMap":{},"s":{"0":3,"1":1,"2":1,"3":2,"4":1,"5":3,"6":3},"f":{"0":1,"1":1,"2":2,"3":1},"b":{}}
,"/home/driven/Desktop/Driven Projects/projeto19-drivenpass/src/routers/authetication-router.ts": {"path":"/home/driven/Desktop/Driven Projects/projeto19-drivenpass/src/routers/authetication-router.ts","statementMap":{"0":{"start":{"line":1,"column":0},"end":{"line":1,"column":33}},"1":{"start":{"line":2,"column":0},"end":{"line":2,"column":82}},"2":{"start":{"line":3,"column":0},"end":{"line":3,"column":85}},"3":{"start":{"line":6,"column":29},"end":{"line":6,"column":37}},"4":{"start":{"line":12,"column":9},"end":{"line":12,"column":29}},"5":{"start":{"line":8,"column":0},"end":{"line":8,"column":null}},"6":{"start":{"line":10,"column":0},"end":{"line":10,"column":null}}},"fnMap":{},"branchMap":{},"s":{"0":3,"1":3,"2":3,"3":3,"4":3,"5":3,"6":3},"f":{},"b":{}}
,"/home/driven/Desktop/Driven Projects/projeto19-drivenpass/src/routers/credentials-router.ts": {"path":"/home/driven/Desktop/Driven Projects/projeto19-drivenpass/src/routers/credentials-router.ts","statementMap":{"0":{"start":{"line":1,"column":0},"end":{"line":1,"column":82}},"1":{"start":{"line":2,"column":0},"end":{"line":2,"column":33}},"2":{"start":{"line":3,"column":0},"end":{"line":3,"column":null}},"3":{"start":{"line":10,"column":26},"end":{"line":10,"column":34}},"4":{"start":{"line":19,"column":9},"end":{"line":19,"column":26}},"5":{"start":{"line":12,"column":0},"end":{"line":17,"column":null}}},"fnMap":{},"branchMap":{},"s":{"0":3,"1":3,"2":3,"3":3,"4":3,"5":3},"f":{},"b":{}}
,"/home/driven/Desktop/Driven Projects/projeto19-drivenpass/src/routers/index.ts": {"path":"/home/driven/Desktop/Driven Projects/projeto19-drivenpass/src/routers/index.ts","statementMap":{"0":{"start":{"line":1,"column":0},"end":{"line":1,"column":38}},"1":{"start":{"line":2,"column":0},"end":{"line":2,"column":36}},"2":{"start":{"line":3,"column":0},"end":{"line":3,"column":32}}},"fnMap":{},"branchMap":{},"s":{"0":3,"1":3,"2":3},"f":{},"b":{}}
,"/home/driven/Desktop/Driven Projects/projeto19-drivenpass/src/routers/network-router.ts": {"path":"/home/driven/Desktop/Driven Projects/projeto19-drivenpass/src/routers/network-router.ts","statementMap":{"0":{"start":{"line":1,"column":0},"end":{"line":1,"column":82}},"1":{"start":{"line":2,"column":0},"end":{"line":2,"column":33}},"2":{"start":{"line":3,"column":0},"end":{"line":3,"column":117}},"3":{"start":{"line":5,"column":23},"end":{"line":5,"column":31}},"4":{"start":{"line":14,"column":9},"end":{"line":14,"column":23}},"5":{"start":{"line":7,"column":0},"end":{"line":12,"column":null}}},"fnMap":{},"branchMap":{},"s":{"0":3,"1":3,"2":3,"3":3,"4":3,"5":3},"f":{},"b":{}}
,"/home/driven/Desktop/Driven Projects/projeto19-drivenpass/src/services/authentication-service.ts": {"path":"/home/driven/Desktop/Driven Projects/projeto19-drivenpass/src/services/authentication-service.ts","statementMap":{"0":{"start":{"line":2,"column":0},"end":{"line":2,"column":85}},"1":{"start":{"line":3,"column":0},"end":{"line":3,"column":28}},"2":{"start":{"line":4,"column":0},"end":{"line":4,"column":96}},"3":{"start":{"line":5,"column":0},"end":{"line":5,"column":31}},"4":{"start":{"line":6,"column":0},"end":{"line":6,"column":37}},"5":{"start":{"line":9,"column":32},"end":{"line":9,"column":38}},"6":{"start":{"line":11,"column":23},"end":{"line":11,"column":72}},"7":{"start":{"line":13,"column":4},"end":{"line":13,"column":57}},"8":{"start":{"line":13,"column":19},"end":{"line":13,"column":57}},"9":{"start":{"line":15,"column":27},"end":{"line":15,"column":58}},"10":{"start":{"line":17,"column":4},"end":{"line":20,"column":6}},"11":{"start":{"line":24,"column":32},"end":{"line":24,"column":38}},"12":{"start":{"line":26,"column":4},"end":{"line":26,"column":null}},"13":{"start":{"line":26,"column":28},"end":{"line":26,"column":null}},"14":{"start":{"line":28,"column":17},"end":{"line":28,"column":66}},"15":{"start":{"line":30,"column":4},"end":{"line":30,"column":36}},"16":{"start":{"line":30,"column":14},"end":{"line":30,"column":36}},"17":{"start":{"line":32,"column":28},"end":{"line":32,"column":73}},"18":{"start":{"line":34,"column":4},"end":{"line":34,"column":57}},"19":{"start":{"line":34,"column":25},"end":{"line":34,"column":57}},"20":{"start":{"line":36,"column":18},"end":{"line":36,"column":80}},"21":{"start":{"line":38,"column":4},"end":{"line":42,"column":6}},"22":{"start":{"line":48,"column":30},"end":{"line":51,"column":null}},"23":{"start":{"line":53,"column":9},"end":{"line":53,"column":30}}},"fnMap":{"0":{"name":"signUp","decl":{"start":{"line":8,"column":15},"end":{"line":8,"column":21}},"loc":{"start":{"line":8,"column":43},"end":{"line":21,"column":null}}},"1":{"name":"signIn","decl":{"start":{"line":23,"column":15},"end":{"line":23,"column":21}},"loc":{"start":{"line":23,"column":43},"end":{"line":43,"column":null}}}},"branchMap":{"0":{"loc":{"start":{"line":13,"column":4},"end":{"line":13,"column":57}},"type":"if","locations":[{"start":{"line":13,"column":4},"end":{"line":13,"column":57}}]},"1":{"loc":{"start":{"line":26,"column":4},"end":{"line":26,"column":null}},"type":"if","locations":[{"start":{"line":26,"column":4},"end":{"line":26,"column":null}}]},"2":{"loc":{"start":{"line":26,"column":7},"end":{"line":26,"column":26}},"type":"binary-expr","locations":[{"start":{"line":26,"column":7},"end":{"line":26,"column":13}},{"start":{"line":26,"column":17},"end":{"line":26,"column":26}}]},"3":{"loc":{"start":{"line":30,"column":4},"end":{"line":30,"column":36}},"type":"if","locations":[{"start":{"line":30,"column":4},"end":{"line":30,"column":36}}]},"4":{"loc":{"start":{"line":34,"column":4},"end":{"line":34,"column":57}},"type":"if","locations":[{"start":{"line":34,"column":4},"end":{"line":34,"column":57}}]}},"s":{"0":3,"1":3,"2":3,"3":3,"4":3,"5":3,"6":3,"7":3,"8":2,"9":1,"10":1,"11":1,"12":1,"13":0,"14":1,"15":1,"16":0,"17":1,"18":1,"19":1,"20":0,"21":0,"22":3,"23":3},"f":{"0":3,"1":1},"b":{"0":[2],"1":[0],"2":[1,1],"3":[0],"4":[1]}}
,"/home/driven/Desktop/Driven Projects/projeto19-drivenpass/src/services/credentials-service.ts": {"path":"/home/driven/Desktop/Driven Projects/projeto19-drivenpass/src/services/credentials-service.ts","statementMap":{"0":{"start":{"line":1,"column":0},"end":{"line":1,"column":27}},"1":{"start":{"line":2,"column":0},"end":{"line":2,"column":79}},"2":{"start":{"line":3,"column":0},"end":{"line":3,"column":56}},"3":{"start":{"line":7,"column":19},"end":{"line":7,"column":42}},"4":{"start":{"line":9,"column":24},"end":{"line":9,"column":78}},"5":{"start":{"line":11,"column":4},"end":{"line":11,"column":null}},"6":{"start":{"line":11,"column":21},"end":{"line":11,"column":null}},"7":{"start":{"line":13,"column":28},"end":{"line":13,"column":52}},"8":{"start":{"line":15,"column":23},"end":{"line":15,"column":114}},"9":{"start":{"line":17,"column":4},"end":{"line":17,"column":22}},"10":{"start":{"line":21,"column":24},"end":{"line":21,"column":77}},"11":{"start":{"line":23,"column":4},"end":{"line":23,"column":55}},"12":{"start":{"line":23,"column":33},"end":{"line":23,"column":55}},"13":{"start":{"line":25,"column":4},"end":{"line":25,"column":23}},"14":{"start":{"line":30,"column":23},"end":{"line":30,"column":90}},"15":{"start":{"line":32,"column":4},"end":{"line":32,"column":22}},"16":{"start":{"line":37,"column":21},"end":{"line":37,"column":73}},"17":{"start":{"line":39,"column":3},"end":{"line":39,"column":20}},"18":{"start":{"line":42,"column":27},"end":{"line":48,"column":2}},"19":{"start":{"line":50,"column":0},"end":{"line":50,"column":34}}},"fnMap":{"0":{"name":"createCredential","decl":{"start":{"line":6,"column":15},"end":{"line":6,"column":31}},"loc":{"start":{"line":6,"column":107},"end":{"line":18,"column":null}}},"1":{"name":"getAllCredentials","decl":{"start":{"line":20,"column":15},"end":{"line":20,"column":32}},"loc":{"start":{"line":20,"column":46},"end":{"line":26,"column":null}}},"2":{"name":"getCredentialById","decl":{"start":{"line":28,"column":15},"end":{"line":28,"column":32}},"loc":{"start":{"line":28,"column":68},"end":{"line":33,"column":null}}},"3":{"name":"deleteCredential","decl":{"start":{"line":35,"column":15},"end":{"line":35,"column":31}},"loc":{"start":{"line":35,"column":41},"end":{"line":40,"column":null}}}},"branchMap":{"0":{"loc":{"start":{"line":11,"column":4},"end":{"line":11,"column":null}},"type":"if","locations":[{"start":{"line":11,"column":4},"end":{"line":11,"column":null}}]},"1":{"loc":{"start":{"line":23,"column":4},"end":{"line":23,"column":55}},"type":"if","locations":[{"start":{"line":23,"column":4},"end":{"line":23,"column":55}}]}},"s":{"0":3,"1":3,"2":3,"3":1,"4":1,"5":1,"6":0,"7":1,"8":1,"9":1,"10":1,"11":1,"12":0,"13":1,"14":2,"15":2,"16":1,"17":1,"18":3,"19":3},"f":{"0":1,"1":1,"2":2,"3":1},"b":{"0":[0],"1":[0]}}
,"/home/driven/Desktop/Driven Projects/projeto19-drivenpass/src/services/index.ts": {"path":"/home/driven/Desktop/Driven Projects/projeto19-drivenpass/src/services/index.ts","statementMap":{"0":{"start":{"line":1,"column":0},"end":{"line":1,"column":40}}},"fnMap":{},"branchMap":{},"s":{"0":3},"f":{},"b":{}}
,"/home/driven/Desktop/Driven Projects/projeto19-drivenpass/src/services/network-service.ts": {"path":"/home/driven/Desktop/Driven Projects/projeto19-drivenpass/src/services/network-service.ts","statementMap":{"0":{"start":{"line":1,"column":0},"end":{"line":1,"column":27}},"1":{"start":{"line":2,"column":0},"end":{"line":2,"column":72}},"2":{"start":{"line":3,"column":0},"end":{"line":3,"column":41}},"3":{"start":{"line":5,"column":15},"end":{"line":5,"column":38}},"4":{"start":{"line":8,"column":27},"end":{"line":8,"column":51}},"5":{"start":{"line":10,"column":23},"end":{"line":10,"column":101}},"6":{"start":{"line":12,"column":4},"end":{"line":12,"column":22}},"7":{"start":{"line":16,"column":21},"end":{"line":16,"column":68}},"8":{"start":{"line":18,"column":4},"end":{"line":18,"column":52}},"9":{"start":{"line":18,"column":30},"end":{"line":18,"column":52}},"10":{"start":{"line":20,"column":4},"end":{"line":20,"column":20}},"11":{"start":{"line":25,"column":20},"end":{"line":25,"column":78}},"12":{"start":{"line":27,"column":4},"end":{"line":27,"column":19}},"13":{"start":{"line":32,"column":21},"end":{"line":32,"column":67}},"14":{"start":{"line":34,"column":3},"end":{"line":34,"column":20}},"15":{"start":{"line":37,"column":24},"end":{"line":42,"column":null}},"16":{"start":{"line":44,"column":9},"end":{"line":44,"column":24}}},"fnMap":{"0":{"name":"createNetwork","decl":{"start":{"line":7,"column":15},"end":{"line":7,"column":28}},"loc":{"start":{"line":7,"column":93},"end":{"line":13,"column":null}}},"1":{"name":"getAllNetworks","decl":{"start":{"line":15,"column":15},"end":{"line":15,"column":29}},"loc":{"start":{"line":15,"column":43},"end":{"line":21,"column":null}}},"2":{"name":"getNetworkById","decl":{"start":{"line":23,"column":15},"end":{"line":23,"column":29}},"loc":{"start":{"line":23,"column":62},"end":{"line":28,"column":null}}},"3":{"name":"deleteNetwork","decl":{"start":{"line":30,"column":15},"end":{"line":30,"column":28}},"loc":{"start":{"line":30,"column":38},"end":{"line":35,"column":null}}}},"branchMap":{"0":{"loc":{"start":{"line":18,"column":4},"end":{"line":18,"column":52}},"type":"if","locations":[{"start":{"line":18,"column":4},"end":{"line":18,"column":52}}]}},"s":{"0":3,"1":3,"2":3,"3":3,"4":1,"5":1,"6":1,"7":1,"8":1,"9":0,"10":1,"11":2,"12":2,"13":1,"14":1,"15":3,"16":3},"f":{"0":1,"1":1,"2":2,"3":1},"b":{"0":[0]}}
,"/home/driven/Desktop/Driven Projects/projeto19-drivenpass/tests/helpers.ts": {"path":"/home/driven/Desktop/Driven Projects/projeto19-drivenpass/tests/helpers.ts","statementMap":{"0":{"start":{"line":1,"column":0},"end":{"line":1,"column":36}},"1":{"start":{"line":2,"column":0},"end":{"line":2,"column":38}},"2":{"start":{"line":4,"column":0},"end":{"line":4,"column":40}},"3":{"start":{"line":7,"column":4},"end":{"line":7,"column":43}},"4":{"start":{"line":8,"column":4},"end":{"line":8,"column":40}},"5":{"start":{"line":6,"column":0},"end":{"line":6,"column":22}},"6":{"start":{"line":12,"column":25},"end":{"line":12,"column":53}},"7":{"start":{"line":13,"column":18},"end":{"line":13,"column":89}},"8":{"start":{"line":15,"column":4},"end":{"line":15,"column":17}},"9":{"start":{"line":11,"column":0},"end":{"line":11,"column":22}}},"fnMap":{"0":{"name":"cleanDb","decl":{"start":{"line":6,"column":22},"end":{"line":6,"column":29}},"loc":{"start":{"line":6,"column":29},"end":{"line":9,"column":null}}},"1":{"name":"generateValidToken","decl":{"start":{"line":11,"column":22},"end":{"line":11,"column":40}},"loc":{"start":{"line":11,"column":52},"end":{"line":16,"column":null}}}},"branchMap":{"0":{"loc":{"start":{"line":12,"column":25},"end":{"line":12,"column":53}},"type":"binary-expr","locations":[{"start":{"line":12,"column":25},"end":{"line":12,"column":29}},{"start":{"line":12,"column":34},"end":{"line":12,"column":52}}]}},"s":{"0":3,"1":3,"2":3,"3":34,"4":34,"5":3,"6":13,"7":13,"8":13,"9":3},"f":{"0":34,"1":13},"b":{"0":[13,13]}}
,"/home/driven/Desktop/Driven Projects/projeto19-drivenpass/tests/factories/credentials-factory.ts": {"path":"/home/driven/Desktop/Driven Projects/projeto19-drivenpass/tests/factories/credentials-factory.ts","statementMap":{"0":{"start":{"line":1,"column":0},"end":{"line":1,"column":27}},"1":{"start":{"line":2,"column":0},"end":{"line":2,"column":40}},"2":{"start":{"line":4,"column":0},"end":{"line":4,"column":42}},"3":{"start":{"line":6,"column":15},"end":{"line":6,"column":38}},"4":{"start":{"line":11,"column":2},"end":{"line":19,"column":5}},"5":{"start":{"line":8,"column":0},"end":{"line":8,"column":22}},"6":{"start":{"line":23,"column":29},"end":{"line":23,"column":55}},"7":{"start":{"line":24,"column":27},"end":{"line":24,"column":59}},"8":{"start":{"line":26,"column":18},"end":{"line":26,"column":37}},"9":{"start":{"line":27,"column":16},"end":{"line":27,"column":36}},"10":{"start":{"line":28,"column":21},"end":{"line":28,"column":46}},"11":{"start":{"line":29,"column":21},"end":{"line":29,"column":35}},"12":{"start":{"line":31,"column":17},"end":{"line":36,"column":null}},"13":{"start":{"line":38,"column":4},"end":{"line":38,"column":16}},"14":{"start":{"line":22,"column":0},"end":{"line":22,"column":22}}},"fnMap":{"0":{"name":"createCredential","decl":{"start":{"line":8,"column":22},"end":{"line":8,"column":38}},"loc":{"start":{"line":9,"column":17},"end":{"line":20,"column":null}}},"1":{"name":"createValidBody","decl":{"start":{"line":22,"column":22},"end":{"line":22,"column":37}},"loc":{"start":{"line":22,"column":37},"end":{"line":39,"column":null}}}},"branchMap":{},"s":{"0":3,"1":3,"2":3,"3":3,"4":3,"5":3,"6":3,"7":3,"8":3,"9":3,"10":3,"11":3,"12":3,"13":3,"14":3},"f":{"0":3,"1":3},"b":{}}
,"/home/driven/Desktop/Driven Projects/projeto19-drivenpass/tests/factories/index.ts": {"path":"/home/driven/Desktop/Driven Projects/projeto19-drivenpass/tests/factories/index.ts","statementMap":{"0":{"start":{"line":1,"column":0},"end":{"line":1,"column":32}},"1":{"start":{"line":2,"column":0},"end":{"line":2,"column":37}},"2":{"start":{"line":3,"column":0},"end":{"line":3,"column":34}}},"fnMap":{},"branchMap":{},"s":{"0":3,"1":3,"2":3},"f":{},"b":{}}
,"/home/driven/Desktop/Driven Projects/projeto19-drivenpass/tests/factories/networks-factory.ts": {"path":"/home/driven/Desktop/Driven Projects/projeto19-drivenpass/tests/factories/networks-factory.ts","statementMap":{"0":{"start":{"line":1,"column":0},"end":{"line":1,"column":27}},"1":{"start":{"line":2,"column":0},"end":{"line":2,"column":40}},"2":{"start":{"line":4,"column":0},"end":{"line":4,"column":42}},"3":{"start":{"line":6,"column":15},"end":{"line":6,"column":38}},"4":{"start":{"line":11,"column":2},"end":{"line":18,"column":5}},"5":{"start":{"line":8,"column":0},"end":{"line":8,"column":22}},"6":{"start":{"line":22,"column":29},"end":{"line":22,"column":55}},"7":{"start":{"line":23,"column":27},"end":{"line":23,"column":59}},"8":{"start":{"line":25,"column":19},"end":{"line":25,"column":37}},"9":{"start":{"line":26,"column":20},"end":{"line":26,"column":40}},"10":{"start":{"line":27,"column":21},"end":{"line":27,"column":35}},"11":{"start":{"line":29,"column":17},"end":{"line":33,"column":null}},"12":{"start":{"line":35,"column":4},"end":{"line":35,"column":16}},"13":{"start":{"line":21,"column":0},"end":{"line":21,"column":22}}},"fnMap":{"0":{"name":"createNetwork","decl":{"start":{"line":8,"column":22},"end":{"line":8,"column":35}},"loc":{"start":{"line":9,"column":17},"end":{"line":19,"column":null}}},"1":{"name":"createValidNetworkBody","decl":{"start":{"line":21,"column":22},"end":{"line":21,"column":44}},"loc":{"start":{"line":21,"column":44},"end":{"line":36,"column":null}}}},"branchMap":{},"s":{"0":3,"1":3,"2":3,"3":3,"4":3,"5":3,"6":3,"7":3,"8":3,"9":3,"10":3,"11":3,"12":3,"13":3},"f":{"0":3,"1":3},"b":{}}
,"/home/driven/Desktop/Driven Projects/projeto19-drivenpass/tests/factories/users-factory.ts": {"path":"/home/driven/Desktop/Driven Projects/projeto19-drivenpass/tests/factories/users-factory.ts","statementMap":{"0":{"start":{"line":1,"column":0},"end":{"line":1,"column":28}},"1":{"start":{"line":2,"column":0},"end":{"line":2,"column":40}},"2":{"start":{"line":4,"column":0},"end":{"line":4,"column":42}},"3":{"start":{"line":7,"column":28},"end":{"line":7,"column":54}},"4":{"start":{"line":8,"column":25},"end":{"line":8,"column":64}},"5":{"start":{"line":10,"column":2},"end":{"line":15,"column":5}},"6":{"start":{"line":6,"column":0},"end":{"line":6,"column":22}}},"fnMap":{"0":{"name":"createUser","decl":{"start":{"line":6,"column":22},"end":{"line":6,"column":32}},"loc":{"start":{"line":6,"column":32},"end":{"line":16,"column":null}}}},"branchMap":{},"s":{"0":3,"1":3,"2":3,"3":22,"4":22,"5":22,"6":3},"f":{"0":22},"b":{}}
}
