TN:
SF:src/app.ts
FN:22,init
FN:27,close
FNF:2
FNH:1
FNDA:3,init
FNDA:0,close
DA:1,3
DA:2,3
DA:3,3
DA:4,3
DA:6,3
DA:8,3
DA:14,3
DA:15,3
DA:22,3
DA:23,3
DA:24,3
DA:27,3
DA:28,0
DA:31,3
LF:14
LH:13
BRF:0
BRH:0
end_of_record
TN:
SF:src/config/database.ts
FN:4,connectDb
FN:8,disconnectDB
FNF:2
FNH:1
FNDA:3,connectDb
FNDA:0,disconnectDB
DA:1,3
DA:4,3
DA:5,3
DA:8,3
DA:9,0
LF:5
LH:4
BRDA:9,0,0,0
BRDA:9,0,1,0
BRDA:9,1,0,0
BRDA:9,1,1,0
BRF:4
BRH:0
end_of_record
TN:
SF:src/config/envs.ts
FN:3,loadEnv
FNF:1
FNH:1
FNDA:3,loadEnv
DA:1,3
DA:3,3
DA:5,3
DA:11,3
LF:4
LH:4
BRDA:5,0,0,3
BRDA:5,0,1,0
BRDA:7,1,0,0
BRDA:7,1,1,0
BRF:4
BRH:1
end_of_record
TN:
SF:src/config/index.ts
FNF:0
FNH:0
DA:1,3
DA:2,3
LF:2
LH:2
BRF:0
BRH:0
end_of_record
TN:
SF:src/controllers/authentication-controller.ts
FN:5,createSignUp
FN:17,createSignIn
FNF:2
FNH:2
FNDA:3,createSignUp
FNDA:1,createSignIn
DA:2,3
DA:3,3
DA:5,3
DA:6,3
DA:8,3
DA:9,3
DA:11,1
DA:13,2
DA:17,3
DA:18,1
DA:20,1
DA:22,1
DA:24,0
DA:28,1
DA:29,1
DA:30,1
LF:16
LH:15
BRDA:28,0,0,0
BRF:1
BRH:0
end_of_record
TN:
SF:src/controllers/credentials-controller.ts
FN:9,createCredential
FN:28,getAllCredentials
FN:35,(anonymous_12)
FN:43,getCredentialById
FN:66,deleteCredentialById
FNF:5
FNH:5
FNDA:3,createCredential
FNDA:1,getAllCredentials
FNDA:1,(anonymous_12)
FNDA:1,getCredentialById
FNDA:1,deleteCredentialById
DA:1,3
DA:2,3
DA:4,3
DA:5,3
DA:7,3
DA:9,3
DA:10,3
DA:11,3
DA:13,3
DA:14,3
DA:16,1
DA:18,1
DA:20,2
DA:22,2
DA:24,0
DA:28,3
DA:29,1
DA:31,1
DA:32,1
DA:34,1
DA:35,1
DA:37,1
DA:39,0
DA:43,3
DA:44,1
DA:46,1
DA:47,1
DA:49,1
DA:51,1
DA:53,1
DA:62,0
DA:66,3
DA:67,1
DA:69,1
DA:70,1
DA:72,1
DA:75,1
DA:77,1
DA:80,0
LF:39
LH:35
BRDA:14,0,0,2
BRDA:14,1,0,3
BRDA:14,1,1,1
BRDA:14,1,2,1
BRDA:14,1,3,1
BRDA:20,2,0,0
BRDA:22,3,0,2
BRDA:39,4,0,0
BRDA:49,5,0,0
BRDA:72,6,0,0
BRF:10
BRH:6
end_of_record
TN:
SF:src/controllers/network-controller.ts
FN:9,createNetwork
FN:29,getAllNetworks
FN:36,(anonymous_12)
FN:44,getNetworkById
FN:66,deleteNetworkById
FNF:5
FNH:5
FNDA:3,createNetwork
FNDA:1,getAllNetworks
FNDA:1,(anonymous_12)
FNDA:1,getNetworkById
FNDA:1,deleteNetworkById
DA:1,3
DA:2,3
DA:4,3
DA:5,3
DA:7,3
DA:9,3
DA:10,3
DA:11,3
DA:13,3
DA:15,3
DA:17,1
DA:19,1
DA:21,2
DA:23,2
DA:25,0
DA:29,3
DA:30,1
DA:32,1
DA:33,1
DA:35,1
DA:36,1
DA:38,1
DA:40,0
DA:44,3
DA:45,1
DA:47,1
DA:48,1
DA:50,1
DA:52,1
DA:54,1
DA:62,0
DA:66,3
DA:67,1
DA:69,1
DA:70,1
DA:72,1
DA:75,1
DA:77,1
DA:80,0
LF:39
LH:35
BRDA:15,0,0,2
BRDA:15,1,0,3
BRDA:15,1,1,1
BRDA:15,1,2,1
BRDA:15,1,3,1
BRDA:21,2,0,0
BRDA:23,3,0,2
BRDA:40,4,0,0
BRDA:50,5,0,0
BRDA:72,6,0,0
BRF:10
BRH:6
end_of_record
TN:
SF:src/errors/conflict-error.ts
FN:3,conflictError
FNF:1
FNH:1
FNDA:2,conflictError
DA:3,3
DA:4,2
LF:2
LH:2
BRF:0
BRH:0
end_of_record
TN:
SF:src/errors/index.ts
FNF:0
FNH:0
DA:1,3
DA:2,3
DA:3,3
DA:4,3
DA:5,3
LF:5
LH:5
BRF:0
BRH:0
end_of_record
TN:
SF:src/errors/invalid-credentials-error.ts
FN:3,invalidCredentialsError
FNF:1
FNH:1
FNDA:1,invalidCredentialsError
DA:3,3
DA:4,1
LF:2
LH:2
BRF:0
BRH:0
end_of_record
TN:
SF:src/errors/not-found-error.ts
FN:3,notFoundError
FNF:1
FNH:0
FNDA:0,notFoundError
DA:3,3
DA:4,0
LF:2
LH:1
BRF:0
BRH:0
end_of_record
TN:
SF:src/errors/request-error.ts
FN:1,requestError
FNF:1
FNH:1
FNDA:6,requestError
DA:1,3
DA:2,6
LF:2
LH:2
BRF:0
BRH:0
end_of_record
TN:
SF:src/errors/unauthorized-error.ts
FN:3,unauthorizedError
FNF:1
FNH:1
FNDA:16,unauthorizedError
DA:3,3
DA:4,16
LF:2
LH:2
BRF:0
BRH:0
end_of_record
TN:
SF:src/middlewares/auth-joi-middleware.ts
FN:16,signInIsValid
FN:32,signUpIsValid
FNF:2
FNH:2
FNDA:3,signInIsValid
FNDA:3,signUpIsValid
DA:2,3
DA:3,3
DA:4,3
DA:6,3
DA:11,3
DA:17,3
DA:19,3
DA:21,1
DA:23,1
DA:25,0
DA:28,1
DA:33,3
DA:35,3
DA:37,3
DA:38,0
DA:40,3
DA:44,3
LF:17
LH:15
BRDA:19,0,0,2
BRDA:19,1,0,3
BRDA:19,1,1,1
BRDA:23,2,0,0
BRDA:23,2,1,1
BRDA:37,3,0,0
BRDA:37,3,1,3
BRF:7
BRH:5
end_of_record
TN:
SF:src/middlewares/authorization-token-middleware.ts
FN:10,authenticateToken
FNF:1
FNH:1
FNDA:28,authenticateToken
DA:2,3
DA:3,3
DA:4,3
DA:6,3
DA:8,3
DA:10,3
DA:11,28
DA:12,28
DA:14,20
DA:15,20
DA:17,20
DA:18,20
DA:20,12
DA:22,8
LF:14
LH:14
BRDA:12,0,0,8
BRDA:15,1,0,0
BRF:2
BRH:1
end_of_record
TN:
SF:src/repositories/authentication-repository.ts
FN:3,findByEmail
FN:11,createUser
FNF:2
FNH:2
FNDA:4,findByEmail
FNDA:1,createUser
DA:1,3
DA:4,4
DA:12,1
DA:20,3
DA:25,3
LF:5
LH:5
BRF:0
BRH:0
end_of_record
TN:
SF:src/repositories/credentials-repository.ts
FN:3,titleExists
FN:13,createCredential
FN:25,getAllCredentials
FN:33,getCredentialById
FN:42,deleteCredentialById
FNF:5
FNH:5
FNDA:1,titleExists
FNDA:1,createCredential
FNDA:1,getAllCredentials
FNDA:2,getCredentialById
FNDA:1,deleteCredentialById
DA:1,3
DA:5,1
DA:14,1
DA:26,1
DA:34,2
DA:43,1
DA:51,3
DA:59,3
LF:8
LH:8
BRF:0
BRH:0
end_of_record
TN:
SF:src/repositories/network-repository.ts
FN:3,createNetwork
FN:14,getAllNetworks
FN:22,getNetworkById
FN:31,deleteNetworkById
FNF:4
FNH:4
FNDA:1,createNetwork
FNDA:1,getAllNetworks
FNDA:2,getNetworkById
FNDA:1,deleteNetworkById
DA:1,3
DA:4,1
DA:15,1
DA:23,2
DA:32,1
DA:40,3
DA:47,3
LF:7
LH:7
BRF:0
BRH:0
end_of_record
TN:
SF:src/routers/authetication-router.ts
FNF:0
FNH:0
DA:1,3
DA:2,3
DA:3,3
DA:6,3
DA:8,3
DA:10,3
DA:12,3
LF:7
LH:7
BRF:0
BRH:0
end_of_record
TN:
SF:src/routers/credentials-router.ts
FNF:0
FNH:0
DA:1,3
DA:2,3
DA:3,3
DA:10,3
DA:12,3
DA:19,3
LF:6
LH:6
BRF:0
BRH:0
end_of_record
TN:
SF:src/routers/index.ts
FNF:0
FNH:0
DA:1,3
DA:2,3
DA:3,3
LF:3
LH:3
BRF:0
BRH:0
end_of_record
TN:
SF:src/routers/network-router.ts
FNF:0
FNH:0
DA:1,3
DA:2,3
DA:3,3
DA:5,3
DA:7,3
DA:14,3
LF:6
LH:6
BRF:0
BRH:0
end_of_record
TN:
SF:src/services/authentication-service.ts
FN:8,signUp
FN:23,signIn
FNF:2
FNH:2
FNDA:3,signUp
FNDA:1,signIn
DA:2,3
DA:3,3
DA:4,3
DA:5,3
DA:6,3
DA:9,3
DA:11,3
DA:13,3
DA:15,1
DA:17,1
DA:24,1
DA:26,1
DA:28,1
DA:30,1
DA:32,1
DA:34,1
DA:36,0
DA:38,0
DA:48,3
DA:53,3
LF:20
LH:18
BRDA:13,0,0,2
BRDA:26,1,0,0
BRDA:26,2,0,1
BRDA:26,2,1,1
BRDA:30,3,0,0
BRDA:34,4,0,1
BRF:6
BRH:4
end_of_record
TN:
SF:src/services/credentials-service.ts
FN:6,createCredential
FN:20,getAllCredentials
FN:28,getCredentialById
FN:35,deleteCredential
FNF:4
FNH:4
FNDA:1,createCredential
FNDA:1,getAllCredentials
FNDA:2,getCredentialById
FNDA:1,deleteCredential
DA:1,3
DA:2,3
DA:3,3
DA:7,1
DA:9,1
DA:11,1
DA:13,1
DA:15,1
DA:17,1
DA:21,1
DA:23,1
DA:25,1
DA:30,2
DA:32,2
DA:37,1
DA:39,1
DA:42,3
DA:50,3
LF:18
LH:18
BRDA:11,0,0,0
BRDA:23,1,0,0
BRF:2
BRH:0
end_of_record
TN:
SF:src/services/index.ts
FNF:0
FNH:0
DA:1,3
LF:1
LH:1
BRF:0
BRH:0
end_of_record
TN:
SF:src/services/network-service.ts
FN:7,createNetwork
FN:15,getAllNetworks
FN:23,getNetworkById
FN:30,deleteNetwork
FNF:4
FNH:4
FNDA:1,createNetwork
FNDA:1,getAllNetworks
FNDA:2,getNetworkById
FNDA:1,deleteNetwork
DA:1,3
DA:2,3
DA:3,3
DA:5,3
DA:8,1
DA:10,1
DA:12,1
DA:16,1
DA:18,1
DA:20,1
DA:25,2
DA:27,2
DA:32,1
DA:34,1
DA:37,3
DA:44,3
LF:16
LH:16
BRDA:18,0,0,0
BRF:1
BRH:0
end_of_record
TN:
SF:tests/helpers.ts
FN:6,cleanDb
FN:11,generateValidToken
FNF:2
FNH:2
FNDA:34,cleanDb
FNDA:13,generateValidToken
DA:1,3
DA:2,3
DA:4,3
DA:6,3
DA:7,34
DA:8,34
DA:11,3
DA:12,13
DA:13,13
DA:15,13
LF:10
LH:10
BRDA:12,0,0,13
BRDA:12,0,1,13
BRF:2
BRH:2
end_of_record
TN:
SF:tests/factories/credentials-factory.ts
FN:8,createCredential
FN:22,createValidBody
FNF:2
FNH:2
FNDA:3,createCredential
FNDA:3,createValidBody
DA:1,3
DA:2,3
DA:4,3
DA:6,3
DA:8,3
DA:11,3
DA:22,3
DA:23,3
DA:24,3
DA:26,3
DA:27,3
DA:28,3
DA:29,3
DA:31,3
DA:38,3
LF:15
LH:15
BRF:0
BRH:0
end_of_record
TN:
SF:tests/factories/index.ts
FNF:0
FNH:0
DA:1,3
DA:2,3
DA:3,3
LF:3
LH:3
BRF:0
BRH:0
end_of_record
TN:
SF:tests/factories/networks-factory.ts
FN:8,createNetwork
FN:21,createValidNetworkBody
FNF:2
FNH:2
FNDA:3,createNetwork
FNDA:3,createValidNetworkBody
DA:1,3
DA:2,3
DA:4,3
DA:6,3
DA:8,3
DA:11,3
DA:21,3
DA:22,3
DA:23,3
DA:25,3
DA:26,3
DA:27,3
DA:29,3
DA:35,3
LF:14
LH:14
BRF:0
BRH:0
end_of_record
TN:
SF:tests/factories/users-factory.ts
FN:6,createUser
FNF:1
FNH:1
FNDA:22,createUser
DA:1,3
DA:2,3
DA:4,3
DA:6,3
DA:7,22
DA:8,22
DA:10,22
LF:7
LH:7
BRF:0
BRH:0
end_of_record
